2019-06-13 17:00:03 WARN  root:42 - Zero length array.
2019-06-13 17:00:03 WARN  root:42 - Zero length array.
2019-06-13 17:00:03 WARN  root:42 - Zero length array.
2019-06-13 17:00:03 WARN  root:57 - Zero length array.
2019-06-13 18:01:01 WARN  root:183 - Zero length array.
2019-06-13 18:01:01 INFO  root:185 - No value in vector.
2019-06-13 18:01:01 INFO  root:194 - Value:7.0 ;Position:[4]
2019-06-13 18:01:01 WARN  root:121 - Zero length array.
2019-06-13 18:01:01 WARN  root:103 - Zero length array.
2019-06-13 18:01:01 INFO  root:199 - No value in vector.
2019-06-13 18:01:01 INFO  root:153 - No local minimum.
2019-06-13 18:01:01 WARN  root:167 - Zero length array.
2019-06-13 18:01:01 INFO  root:169 - No local max.
2019-06-13 18:01:01 INFO  root:185 - No value in vector.
2019-06-13 18:01:01 INFO  root:131 - Vector values are sorted decreasing. Vector:[74.0, 7.0, 6.0, 5.0]
2019-06-13 18:01:01 INFO  root:28 - Value has been added. Value:5.0
2019-06-13 18:01:01 INFO  root:217 - right < left
2019-06-13 18:01:01 INFO  root:60 - Min value:0.3
2019-06-13 18:01:01 INFO  root:169 - No local max.
2019-06-13 18:01:01 INFO  root:108 - Vector values are not sorted increasing. Vector: [1.2, 0.3, 0.9, 6.3, 74.0, 20.5]
2019-06-13 18:01:01 WARN  root:30 - Zero length array.
2019-06-13 18:01:01 INFO  root:146 - Local minimum position: 2
2019-06-13 18:01:01 INFO  root:217 - right < left
2019-06-13 18:01:01 INFO  root:126 - Vector values are not sorted decreasing. Vector: [1.2, 0.3, 0.9, 6.3, 74.0, 20.5]
2019-06-13 18:01:01 WARN  root:103 - Zero length array.
2019-06-13 18:01:01 INFO  root:92 - Arithmetic Average:17.400000000000002
2019-06-13 18:01:01 INFO  root:162 - Local max position: 2
2019-06-13 18:01:01 INFO  root:113 - Vector values are sorted increasing. Vector:[1.0, 3.0, 9.0, 63.0, 74.0]
2019-06-13 18:01:01 INFO  root:131 - Vector values are sorted decreasing. Vector:[74.0, 7.0, 6.0, 5.0]
2019-06-13 18:01:01 INFO  root:199 - No value in vector.
2019-06-13 18:01:01 INFO  root:217 - right < left
2019-06-13 18:01:01 INFO  root:76 - Geometric Average:3.9355798748973245
2019-06-13 18:01:01 INFO  root:178 - Value:7.0 ;Position:[1]
2019-06-13 18:01:01 WARN  root:121 - Zero length array.
2019-06-13 18:01:01 WARN  root:94 - Zero length array.
2019-06-13 18:01:01 INFO  root:44 - Max value:74.0
2019-06-13 18:01:01 WARN  root:151 - Zero length array.
2019-06-13 18:01:01 INFO  root:153 - No local minimum.
2019-06-13 18:01:01 INFO  root:217 - right < left
2019-06-13 18:01:01 WARN  root:78 - Zero length array.
2019-06-13 18:35:54 WARN  root:183 - Zero length array.
2019-06-13 18:35:54 INFO  root:185 - No value in vector.
2019-06-13 18:35:54 INFO  root:194 - Value:7.0 ;Position:[4]
2019-06-13 18:35:54 WARN  root:121 - Zero length array.
2019-06-13 18:35:54 WARN  root:103 - Zero length array.
2019-06-13 18:35:54 WARN  root:199 - Zero length array.
2019-06-13 18:35:54 INFO  root:201 - No value in vector.
2019-06-13 18:35:54 INFO  root:291 - Sort successful.
2019-06-13 18:35:54 INFO  root:153 - No local minimum.
2019-06-13 18:35:54 WARN  root:167 - Zero length array.
2019-06-13 18:35:54 INFO  root:169 - No local max.
2019-06-13 18:35:54 INFO  root:185 - No value in vector.
2019-06-13 18:35:54 INFO  root:309 - Sort successful.
2019-06-13 18:35:54 INFO  root:131 - Vector values are sorted decreasing. Vector:[74.0, 7.0, 6.0, 5.0]
2019-06-13 18:35:54 INFO  root:256 - Sort successful.
2019-06-13 18:35:54 INFO  root:240 - Reversal successful.
2019-06-13 18:35:54 INFO  root:28 - Value has been added. Value:5.0
2019-06-13 18:35:54 INFO  root:272 - Sort successful.
2019-06-13 18:35:54 INFO  root:60 - Min value:0.3
2019-06-13 18:35:54 INFO  root:169 - No local max.
2019-06-13 18:35:54 INFO  root:108 - Vector values are not sorted increasing. Vector: [1.2, 0.3, 0.9, 6.3, 74.0, 20.5]
2019-06-13 18:35:54 WARN  root:311 - Zero length array.
2019-06-13 18:35:54 WARN  root:274 - Zero length array.
2019-06-13 18:35:54 WARN  root:30 - Zero length array.
2019-06-13 18:35:54 INFO  root:146 - Local minimum position: 2
2019-06-13 18:35:54 INFO  root:126 - Vector values are not sorted decreasing. Vector: [1.2, 0.3, 0.9, 6.3, 74.0, 20.5]
2019-06-13 18:35:54 WARN  root:103 - Zero length array.
2019-06-13 18:35:54 INFO  root:92 - Arithmetic Average:17.400000000000002
2019-06-13 18:35:54 INFO  root:162 - Local max position: 2
2019-06-13 18:35:54 INFO  root:113 - Vector values are sorted increasing. Vector:[1.0, 3.0, 9.0, 63.0, 74.0]
2019-06-13 18:35:54 INFO  root:131 - Vector values are sorted decreasing. Vector:[74.0, 7.0, 6.0, 5.0]
2019-06-13 18:35:54 INFO  root:201 - No value in vector.
2019-06-13 18:35:54 INFO  root:76 - Geometric Average:3.9355798748973245
2019-06-13 18:35:54 INFO  root:178 - Value:7.0 ;Position:[1]
2019-06-13 18:35:54 WARN  root:121 - Zero length array.
2019-06-13 18:35:54 WARN  root:94 - Zero length array.
2019-06-13 18:35:54 INFO  root:44 - Max value:74.0
2019-06-13 18:35:54 WARN  root:329 - Zero length array.
2019-06-13 18:35:54 WARN  root:293 - Zero length array.
2019-06-13 18:35:54 WARN  root:151 - Zero length array.
2019-06-13 18:35:54 INFO  root:153 - No local minimum.
2019-06-13 18:35:54 INFO  root:327 - Sort successful.
2019-06-13 18:35:54 WARN  root:78 - Zero length array.
2019-06-13 18:36:11 WARN  root:183 - Zero length array.
2019-06-13 18:36:11 INFO  root:185 - No value in vector.
2019-06-13 18:36:11 INFO  root:194 - Value:7.0 ;Position:[4]
2019-06-13 18:36:11 WARN  root:121 - Zero length array.
2019-06-13 18:36:11 WARN  root:103 - Zero length array.
2019-06-13 18:36:11 WARN  root:199 - Zero length array.
2019-06-13 18:36:11 INFO  root:201 - No value in vector.
2019-06-13 18:36:11 INFO  root:291 - Sort successful.
2019-06-13 18:36:11 INFO  root:153 - No local minimum.
2019-06-13 18:36:11 WARN  root:167 - Zero length array.
2019-06-13 18:36:11 INFO  root:169 - No local max.
2019-06-13 18:36:11 INFO  root:185 - No value in vector.
2019-06-13 18:36:11 INFO  root:309 - Sort successful.
2019-06-13 18:36:11 INFO  root:131 - Vector values are sorted decreasing. Vector:[74.0, 7.0, 6.0, 5.0]
2019-06-13 18:36:11 INFO  root:256 - Sort successful.
2019-06-13 18:36:11 INFO  root:240 - Reversal successful.
2019-06-13 18:36:11 INFO  root:28 - Value has been added. Value:5.0
2019-06-13 18:36:11 INFO  root:272 - Sort successful.
2019-06-13 18:36:11 INFO  root:60 - Min value:0.3
2019-06-13 18:36:11 INFO  root:169 - No local max.
2019-06-13 18:36:11 INFO  root:108 - Vector values are not sorted increasing. Vector: [1.2, 0.3, 0.9, 6.3, 74.0, 20.5]
2019-06-13 18:36:11 WARN  root:311 - Zero length array.
2019-06-13 18:36:11 WARN  root:274 - Zero length array.
2019-06-13 18:36:11 WARN  root:30 - Zero length array.
2019-06-13 18:36:11 INFO  root:146 - Local minimum position: 2
2019-06-13 18:36:11 INFO  root:126 - Vector values are not sorted decreasing. Vector: [1.2, 0.3, 0.9, 6.3, 74.0, 20.5]
2019-06-13 18:36:11 WARN  root:103 - Zero length array.
2019-06-13 18:36:11 INFO  root:92 - Arithmetic Average:17.400000000000002
2019-06-13 18:36:11 INFO  root:162 - Local max position: 2
2019-06-13 18:36:11 INFO  root:113 - Vector values are sorted increasing. Vector:[1.0, 3.0, 9.0, 63.0, 74.0]
2019-06-13 18:36:11 INFO  root:131 - Vector values are sorted decreasing. Vector:[74.0, 7.0, 6.0, 5.0]
2019-06-13 18:36:11 INFO  root:201 - No value in vector.
2019-06-13 18:36:11 INFO  root:76 - Geometric Average:3.9355798748973245
2019-06-13 18:36:11 INFO  root:178 - Value:7.0 ;Position:[1]
2019-06-13 18:36:11 WARN  root:121 - Zero length array.
2019-06-13 18:36:11 WARN  root:94 - Zero length array.
2019-06-13 18:36:11 INFO  root:44 - Max value:74.0
2019-06-13 18:36:11 WARN  root:329 - Zero length array.
2019-06-13 18:36:11 WARN  root:293 - Zero length array.
2019-06-13 18:36:11 WARN  root:151 - Zero length array.
2019-06-13 18:36:11 INFO  root:153 - No local minimum.
2019-06-13 18:36:11 INFO  root:327 - Sort successful.
2019-06-13 18:36:11 WARN  root:78 - Zero length array.
2019-06-13 18:36:26 WARN  root:183 - Zero length array.
2019-06-13 18:36:26 INFO  root:185 - No value in vector.
2019-06-13 18:36:26 INFO  root:194 - Value:7.0 ;Position:[4]
2019-06-13 18:36:26 WARN  root:121 - Zero length array.
2019-06-13 18:36:26 WARN  root:103 - Zero length array.
2019-06-13 18:36:26 WARN  root:199 - Zero length array.
2019-06-13 18:36:26 INFO  root:201 - No value in vector.
2019-06-13 18:36:26 INFO  root:291 - Sort successful.
2019-06-13 18:36:26 INFO  root:153 - No local minimum.
2019-06-13 18:36:26 WARN  root:167 - Zero length array.
2019-06-13 18:36:26 INFO  root:169 - No local max.
2019-06-13 18:36:26 INFO  root:185 - No value in vector.
2019-06-13 18:36:26 INFO  root:309 - Sort successful.
2019-06-13 18:36:26 INFO  root:131 - Vector values are sorted decreasing. Vector:[74.0, 7.0, 6.0, 5.0]
2019-06-13 18:36:26 INFO  root:256 - Sort successful.
2019-06-13 18:36:26 INFO  root:240 - Reversal successful.
2019-06-13 18:36:26 INFO  root:28 - Value has been added. Value:5.0
2019-06-13 18:36:26 INFO  root:272 - Sort successful.
2019-06-13 18:36:26 INFO  root:60 - Min value:0.3
2019-06-13 18:36:26 INFO  root:169 - No local max.
2019-06-13 18:36:26 INFO  root:108 - Vector values are not sorted increasing. Vector: [1.2, 0.3, 0.9, 6.3, 74.0, 20.5]
2019-06-13 18:36:26 WARN  root:311 - Zero length array.
2019-06-13 18:36:26 WARN  root:274 - Zero length array.
2019-06-13 18:36:26 WARN  root:30 - Zero length array.
2019-06-13 18:36:26 INFO  root:146 - Local minimum position: 2
2019-06-13 18:36:26 INFO  root:126 - Vector values are not sorted decreasing. Vector: [1.2, 0.3, 0.9, 6.3, 74.0, 20.5]
2019-06-13 18:36:26 WARN  root:103 - Zero length array.
2019-06-13 18:36:26 INFO  root:92 - Arithmetic Average:17.400000000000002
2019-06-13 18:36:26 INFO  root:162 - Local max position: 2
2019-06-13 18:36:26 INFO  root:113 - Vector values are sorted increasing. Vector:[1.0, 3.0, 9.0, 63.0, 74.0]
2019-06-13 18:36:26 INFO  root:131 - Vector values are sorted decreasing. Vector:[74.0, 7.0, 6.0, 5.0]
2019-06-13 18:36:26 INFO  root:201 - No value in vector.
2019-06-13 18:36:26 INFO  root:76 - Geometric Average:3.9355798748973245
2019-06-13 18:36:26 INFO  root:178 - Value:7.0 ;Position:[1]
2019-06-13 18:36:26 WARN  root:121 - Zero length array.
2019-06-13 18:36:26 WARN  root:94 - Zero length array.
2019-06-13 18:36:26 INFO  root:44 - Max value:74.0
2019-06-13 18:36:26 WARN  root:329 - Zero length array.
2019-06-13 18:36:26 WARN  root:293 - Zero length array.
2019-06-13 18:36:26 WARN  root:151 - Zero length array.
2019-06-13 18:36:26 INFO  root:153 - No local minimum.
2019-06-13 18:36:26 INFO  root:327 - Sort successful.
2019-06-13 18:36:26 WARN  root:78 - Zero length array.
2019-06-13 18:50:05 INFO  root:269 - Sort successful.
2019-06-13 18:50:23 INFO  root:253 - Sort successful.
2019-06-13 22:15:13 INFO  root:253 - Sort successful.
2019-06-13 22:22:26 WARN  root:219 - Invalid values.
2019-06-13 22:26:54 INFO  root:254 - Sort successful.
2019-06-13 22:27:27 INFO  root:254 - Sort successful.
2019-06-13 22:27:33 INFO  root:254 - Sort successful.
2019-06-13 22:27:53 INFO  root:254 - Sort successful.
2019-06-13 22:28:15 INFO  root:254 - Sort successful.
2019-06-13 22:28:21 INFO  root:254 - Sort successful.
2019-06-13 22:28:28 INFO  root:254 - Sort successful.
2019-06-13 22:32:31 WARN  root:210 - Zero length array.
2019-06-13 22:33:36 WARN  root:229 - Invalid values.
2019-06-13 22:33:50 WARN  root:229 - Invalid values.
2019-06-13 22:34:01 WARN  root:229 - Invalid values.
2019-06-13 22:34:56 WARN  root:229 - Invalid values.
2019-06-13 23:00:52 WARN  root:229 - Invalid values.
2019-06-13 23:02:29 WARN  root:220 - Zero length array.
2019-06-13 23:02:59 INFO  root:113 - Vector values are sorted increasing. Vector:[6.0, 7.0, 8.0, 10.0, 17.0]
2019-06-13 23:08:47 INFO  root:113 - Vector values are sorted increasing. Vector:[6.0, 7.0, 8.0, 10.0, 17.0]
2019-06-13 23:08:47 INFO  root:256 - Index key:[2]
2019-06-13 23:08:54 WARN  root:268 - Zero length array.
2019-06-13 23:09:34 INFO  root:113 - Vector values are sorted increasing. Vector:[6.0, 7.0, 8.0, 10.0, 17.0]
2019-06-13 23:10:03 INFO  root:108 - Vector values are not sorted increasing. Vector: [6.0, 7.0, 80.0, 10.0, 17.0]
2019-06-13 23:10:03 WARN  root:265 - Vector not sorted.
2019-06-13 23:13:26 INFO  root:279 - Reversal successful.
2019-06-13 23:30:44 INFO  root:295 - Sort successful.
2019-06-13 23:34:56 INFO  root:296 - Sort successful.
2019-06-13 23:35:49 WARN  root:299 - Zero length array.
2019-06-13 23:37:25 INFO  root:280 - Reversal successful.
2019-06-13 23:37:42 INFO  root:280 - Reversal successful.
2019-06-13 23:38:44 WARN  root:283 - Zero length array.
2019-06-13 23:40:45 WARN  root:321 - Zero length array.
2019-06-13 23:43:17 INFO  root:340 - Sort successful.
2019-06-13 23:43:41 WARN  root:343 - Zero length array.
2019-06-13 23:45:13 WARN  root:343 - Zero length array.
2019-06-13 23:46:10 INFO  root:360 - Sort successful.
2019-06-13 23:46:14 WARN  root:362 - Zero length array.
2019-06-13 23:57:47 WARN  root:302 - Zero length array.
2019-06-13 23:57:47 WARN  root:388 - Zero length array.
2019-06-13 23:57:47 WARN  root:183 - Zero length array.
2019-06-13 23:57:47 INFO  root:185 - No value in vector.
2019-06-13 23:57:47 WARN  root:210 - Zero length array.
2019-06-13 23:57:47 INFO  root:194 - Value:7.0 ;Position:[4]
2019-06-13 23:57:47 WARN  root:121 - Zero length array.
2019-06-13 23:57:47 WARN  root:103 - Zero length array.
2019-06-13 23:57:47 WARN  root:199 - Zero length array.
2019-06-13 23:57:47 INFO  root:201 - No value in vector.
2019-06-13 23:57:47 INFO  root:339 - Sort successful.
2019-06-13 23:57:47 INFO  root:153 - No local minimum.
2019-06-13 23:57:47 WARN  root:167 - Zero length array.
2019-06-13 23:57:47 INFO  root:169 - No local max.
2019-06-13 23:57:47 INFO  root:185 - No value in vector.
2019-06-13 23:57:47 WARN  root:220 - Zero length array.
2019-06-13 23:57:47 INFO  root:359 - Sort successful.
2019-06-13 23:57:47 INFO  root:131 - Vector values are sorted decreasing. Vector:[74.0, 7.0, 6.0, 5.0]
2019-06-13 23:57:47 WARN  root:432 - Zero length array.
2019-06-13 23:57:47 WARN  root:268 - Zero length array.
2019-06-13 23:57:47 WARN  root:283 - Zero length array.
2019-06-13 23:57:47 INFO  root:299 - Sort successful.
2019-06-13 23:57:47 WARN  root:321 - Zero length array.
2019-06-13 23:57:47 WARN  root:229 - Invalid values.
2019-06-13 23:57:47 INFO  root:280 - Reversal successful.
2019-06-13 23:57:47 INFO  root:28 - Value has been added. Value:5.0
2019-06-13 23:57:47 WARN  root:229 - Invalid values.
2019-06-13 23:57:47 INFO  root:113 - Vector values are sorted increasing. Vector:[6.0, 7.0, 8.0, 10.0, 17.0]
2019-06-13 23:57:47 INFO  root:318 - Sort successful.
2019-06-13 23:57:47 INFO  root:60 - Min value:0.3
2019-06-13 23:57:47 INFO  root:169 - No local max.
2019-06-13 23:57:47 INFO  root:108 - Vector values are not sorted increasing. Vector: [1.2, 0.3, 0.9, 6.3, 74.0, 20.5]
2019-06-13 23:57:47 WARN  root:361 - Zero length array.
2019-06-13 23:57:47 INFO  root:108 - Vector values are not sorted increasing. Vector: [6.0, 7.0, 80.0, 10.0, 17.0]
2019-06-13 23:57:47 WARN  root:265 - Vector not sorted.
2019-06-13 23:57:47 WARN  root:30 - Zero length array.
2019-06-13 23:57:47 INFO  root:146 - Local minimum position: 2
2019-06-13 23:57:47 INFO  root:126 - Vector values are not sorted decreasing. Vector: [1.2, 0.3, 0.9, 6.3, 74.0, 20.5]
2019-06-13 23:57:47 WARN  root:397 - Zero length array.
2019-06-13 23:57:47 WARN  root:103 - Zero length array.
2019-06-13 23:57:47 INFO  root:92 - Arithmetic Average:17.400000000000002
2019-06-13 23:57:47 INFO  root:162 - Local max position: 2
2019-06-13 23:57:47 INFO  root:113 - Vector values are sorted increasing. Vector:[1.0, 3.0, 9.0, 63.0, 74.0]
2019-06-13 23:57:47 INFO  root:131 - Vector values are sorted decreasing. Vector:[74.0, 7.0, 6.0, 5.0]
2019-06-13 23:57:47 INFO  root:201 - No value in vector.
2019-06-13 23:57:47 WARN  root:229 - Invalid values.
2019-06-13 23:57:47 INFO  root:76 - Geometric Average:3.9355798748973245
2019-06-13 23:57:47 INFO  root:178 - Value:7.0 ;Position:[1]
2019-06-13 23:57:47 WARN  root:121 - Zero length array.
2019-06-13 23:57:47 WARN  root:94 - Zero length array.
2019-06-13 23:57:47 INFO  root:44 - Max value:74.0
2019-06-13 23:57:47 WARN  root:441 - Zero length array.
2019-06-13 23:57:47 WARN  root:379 - Zero length array.
2019-06-13 23:57:47 WARN  root:342 - Zero length array.
2019-06-13 23:57:47 WARN  root:151 - Zero length array.
2019-06-13 23:57:47 INFO  root:153 - No local minimum.
2019-06-13 23:57:47 INFO  root:377 - Sort successful.
2019-06-13 23:57:47 WARN  root:229 - Invalid values.
2019-06-13 23:57:47 INFO  root:113 - Vector values are sorted increasing. Vector:[6.0, 7.0, 8.0, 10.0, 17.0]
2019-06-13 23:57:47 INFO  root:256 - Index key:[2]
2019-06-13 23:57:47 WARN  root:78 - Zero length array.
2019-06-14 00:51:13 INFO  root:39 - Method: findMaxValue()
2019-06-14 00:51:13 INFO  root:18 - Method: isZeroMatrix()
2019-06-14 00:51:45 INFO  root:39 - Method: findMaxValue()
2019-06-14 00:51:45 INFO  root:18 - Method: isZeroMatrix()
2019-06-14 00:52:57 INFO  root:39 - Method: findMaxValue()
2019-06-14 00:52:57 INFO  root:18 - Method: isZeroMatrix()
2019-06-14 00:52:57 INFO  root:29 - Matrix length not null
2019-06-14 00:52:57 INFO  root:52 - Max value = 7.0
2019-06-14 00:53:06 INFO  root:18 - Method: isZeroMatrix()
2019-06-14 00:53:06 WARN  root:31 - Zero length matrix
2019-06-14 00:53:15 INFO  root:18 - Method: isZeroMatrix()
2019-06-14 00:53:15 WARN  root:24 - Zero length matrix
2019-06-14 00:53:15 INFO  root:29 - Matrix length not null
2019-06-14 00:53:24 INFO  root:18 - Method: isZeroMatrix()
2019-06-14 00:53:24 INFO  root:29 - Matrix length not null
2019-06-14 00:53:33 INFO  root:18 - Method: isZeroMatrix()
2019-06-14 00:53:33 WARN  root:31 - Zero length matrix
2019-06-14 00:53:46 INFO  root:39 - Method: findMaxValue()
2019-06-14 00:53:46 INFO  root:18 - Method: isZeroMatrix()
2019-06-14 00:53:46 INFO  root:29 - Matrix length not null
2019-06-14 00:53:46 INFO  root:52 - Max value = 7.0
2019-06-14 00:54:49 INFO  root:39 - Method: findMaxValue()
2019-06-14 00:54:49 INFO  root:18 - Method: isZeroMatrix()
2019-06-14 00:54:49 WARN  root:31 - Zero length matrix
2019-06-14 00:54:49 INFO  root:52 - Max value = 4.9E-324
2019-06-14 00:56:13 INFO  root:39 - Method: findMaxValue()
2019-06-14 00:56:13 INFO  root:18 - Method: isZeroMatrix()
2019-06-14 00:56:13 WARN  root:31 - Zero length matrix
2019-06-14 00:56:13 INFO  root:52 - Max value = 4.9E-324
2019-06-14 00:56:15 INFO  root:39 - Method: findMaxValue()
2019-06-14 00:56:15 INFO  root:18 - Method: isZeroMatrix()
2019-06-14 00:56:15 WARN  root:24 - Zero length matrix
2019-06-14 00:56:15 INFO  root:29 - Matrix length not null
2019-06-14 00:56:15 INFO  root:52 - Max value = 4.9E-324
2019-06-14 00:56:18 INFO  root:58 - Method findMinValue()
2019-06-14 00:56:18 INFO  root:18 - Method: isZeroMatrix()
2019-06-14 00:56:18 INFO  root:29 - Matrix length not null
2019-06-14 00:56:18 INFO  root:70 - Min value  = 1.0
2019-06-14 00:56:23 INFO  root:58 - Method findMinValue()
2019-06-14 00:56:23 INFO  root:18 - Method: isZeroMatrix()
2019-06-14 00:56:23 WARN  root:31 - Zero length matrix
2019-06-14 00:56:23 INFO  root:70 - Min value  = 1.7976931348623157E308
2019-06-14 00:57:00 INFO  root:58 - Method findMinValue()
2019-06-14 00:57:00 INFO  root:18 - Method: isZeroMatrix()
2019-06-14 00:57:00 WARN  root:31 - Zero length matrix
2019-06-14 00:57:00 INFO  root:70 - Min value  = 1.7976931348623157E308
2019-06-14 00:57:19 INFO  root:58 - Method findMinValue()
2019-06-14 00:57:19 INFO  root:18 - Method: isZeroMatrix()
2019-06-14 00:57:19 WARN  root:31 - Zero length matrix
2019-06-14 00:57:19 INFO  root:70 - Min value  = 1.7976931348623157E308
2019-06-14 00:57:27 INFO  root:58 - Method findMinValue()
2019-06-14 00:57:27 INFO  root:18 - Method: isZeroMatrix()
2019-06-14 00:57:27 WARN  root:31 - Zero length matrix
2019-06-14 00:57:27 INFO  root:70 - Min value  = 1.7976931348623157E308
2019-06-14 00:57:31 INFO  root:58 - Method findMinValue()
2019-06-14 00:57:31 INFO  root:18 - Method: isZeroMatrix()
2019-06-14 00:57:31 WARN  root:24 - Zero length matrix
2019-06-14 00:57:31 INFO  root:29 - Matrix length not null
2019-06-14 00:57:31 INFO  root:70 - Min value  = 1.7976931348623157E308
2019-06-14 00:57:40 INFO  root:76 - Method isSquareCheck()
2019-06-14 00:57:40 INFO  root:18 - Method: isZeroMatrix()
2019-06-14 00:57:40 INFO  root:29 - Matrix length not null
2019-06-14 00:57:40 INFO  root:86 - Matrix is square.
2019-06-14 00:57:44 INFO  root:76 - Method isSquareCheck()
2019-06-14 00:57:44 INFO  root:18 - Method: isZeroMatrix()
2019-06-14 00:57:44 INFO  root:29 - Matrix length not null
2019-06-14 00:57:44 INFO  root:81 - Matrix is not square.
2019-06-14 00:57:44 INFO  root:86 - Matrix is square.
2019-06-14 00:57:49 INFO  root:76 - Method isSquareCheck()
2019-06-14 00:57:49 INFO  root:18 - Method: isZeroMatrix()
2019-06-14 00:57:49 WARN  root:24 - Zero length matrix
2019-06-14 00:57:49 INFO  root:29 - Matrix length not null
2019-06-14 00:58:01 INFO  root:76 - Method isSquareCheck()
2019-06-14 00:58:01 INFO  root:18 - Method: isZeroMatrix()
2019-06-14 00:58:01 WARN  root:24 - Zero length matrix
2019-06-14 00:58:01 INFO  root:29 - Matrix length not null
2019-06-14 01:12:32 INFO  root:76 - Method isSquareCheck()
2019-06-14 01:12:32 INFO  root:18 - Method: isZeroMatrix()
2019-06-14 01:12:32 INFO  root:29 - Matrix length not null
2019-06-14 01:12:32 INFO  root:80 - Matrix is not square.
2019-06-14 01:12:37 INFO  root:76 - Method isSquareCheck()
2019-06-14 01:12:37 INFO  root:18 - Method: isZeroMatrix()
2019-06-14 01:12:37 WARN  root:24 - Zero length matrix
2019-06-14 01:12:37 INFO  root:29 - Matrix length not null
2019-06-14 01:12:37 INFO  root:85 - Matrix is square.
2019-06-14 01:15:31 INFO  root:76 - Method isSquareCheck()
2019-06-14 01:15:31 INFO  root:18 - Method: isZeroMatrix()
2019-06-14 01:15:31 WARN  root:24 - Zero length matrix
2019-06-14 01:15:31 INFO  root:29 - Matrix length not null
2019-06-14 01:15:31 INFO  root:87 - Matrix is not square.
2019-06-14 01:15:54 INFO  root:18 - Method: isZeroMatrix()
2019-06-14 01:15:54 INFO  root:29 - Matrix length not null
2019-06-14 01:17:56 INFO  root:18 - Method: isZeroMatrix()
2019-06-14 01:17:56 WARN  root:31 - Zero length matrix
2019-06-14 01:18:01 INFO  root:18 - Method: isZeroMatrix()
2019-06-14 01:18:01 WARN  root:31 - Zero length matrix
2019-06-14 01:18:04 INFO  root:18 - Method: isZeroMatrix()
2019-06-14 01:18:04 INFO  root:29 - Matrix length not null
2019-06-14 01:18:08 INFO  root:18 - Method: isZeroMatrix()
2019-06-14 01:18:08 WARN  root:24 - Zero length matrix
2019-06-14 01:18:08 INFO  root:29 - Matrix length not null
2019-06-14 01:18:10 INFO  root:18 - Method: isZeroMatrix()
2019-06-14 01:18:10 WARN  root:31 - Zero length matrix
2019-06-14 01:18:22 INFO  root:93 - Method isSymmetric()
2019-06-14 01:18:22 INFO  root:76 - Method isSquareCheck()
2019-06-14 01:18:22 INFO  root:18 - Method: isZeroMatrix()
2019-06-14 01:18:22 INFO  root:29 - Matrix length not null
2019-06-14 01:18:22 INFO  root:84 - Matrix is square.
2019-06-14 01:18:22 INFO  root:103 - Matrix  is Symmetric()
2019-06-14 01:18:28 INFO  root:93 - Method isSymmetric()
2019-06-14 01:18:28 INFO  root:76 - Method isSquareCheck()
2019-06-14 01:18:28 INFO  root:18 - Method: isZeroMatrix()
2019-06-14 01:18:28 INFO  root:29 - Matrix length not null
2019-06-14 01:18:28 INFO  root:84 - Matrix is square.
2019-06-14 01:18:28 INFO  root:98 - Matrix  is not Symmetric()
2019-06-14 01:18:33 INFO  root:93 - Method isSymmetric()
2019-06-14 01:18:33 INFO  root:76 - Method isSquareCheck()
2019-06-14 01:18:33 INFO  root:18 - Method: isZeroMatrix()
2019-06-14 01:18:33 INFO  root:29 - Matrix length not null
2019-06-14 01:18:33 INFO  root:80 - Matrix is not square.
2019-06-14 01:18:33 INFO  root:106 - Matrix  is not Symmetric()
2019-06-14 01:18:38 INFO  root:93 - Method isSymmetric()
2019-06-14 01:18:38 INFO  root:76 - Method isSquareCheck()
2019-06-14 01:18:38 INFO  root:18 - Method: isZeroMatrix()
2019-06-14 01:18:38 WARN  root:24 - Zero length matrix
2019-06-14 01:18:38 INFO  root:29 - Matrix length not null
2019-06-14 01:18:38 INFO  root:87 - Matrix is not square.
2019-06-14 01:18:38 INFO  root:106 - Matrix  is not Symmetric()
2019-06-14 01:18:44 INFO  root:112 - Method findLocalMinPosition()
2019-06-14 01:18:44 INFO  root:18 - Method: isZeroMatrix()
2019-06-14 01:18:44 INFO  root:29 - Matrix length not null
2019-06-14 01:18:44 INFO  root:118 - Local minimum position:[0][1]
2019-06-14 01:19:03 INFO  root:112 - Method findLocalMinPosition()
2019-06-14 01:19:03 INFO  root:18 - Method: isZeroMatrix()
2019-06-14 01:19:03 INFO  root:29 - Matrix length not null
2019-06-14 01:19:03 INFO  root:124 - Not local minimum
2019-06-14 01:19:06 INFO  root:129 - Method transpose()
2019-06-14 01:19:06 INFO  root:18 - Method: isZeroMatrix()
2019-06-14 01:19:06 INFO  root:29 - Matrix length not null
2019-06-14 01:19:06 INFO  root:139 - Transpose successful.
